# JRE version: Java(TM) SE Runtime Environment (8.0_66-b18) (build 1.8.0_66-b18)
# Java VM: Java HotSpot(TM) 64-Bit Server VM (25.66-b18 mixed mode windows-amd64 compressed oops)
Heap:
 PSYoungGen      total 48640K, used 21226K [0x00000000d5d00000, 0x00000000d9180000, 0x0000000100000000)
  eden space 43520K, 37% used [0x00000000d5d00000,0x00000000d6cbabd0,0x00000000d8780000)
  from space 5120K, 100% used [0x00000000d8c80000,0x00000000d9180000,0x00000000d9180000)
  to   space 5120K, 0% used [0x00000000d8780000,0x00000000d8780000,0x00000000d8c80000)
 ParOldGen       total 90112K, used 65082K [0x0000000081600000, 0x0000000086e00000, 0x00000000d5d00000)
  object space 90112K, 72% used [0x0000000081600000,0x000000008558e940,0x0000000086e00000)
 Metaspace       used 24762K, capacity 26363K, committed 26496K, reserved 1071104K
  class space    used 3580K, capacity 3858K, committed 3968K, reserved 1048576K
GC Heap History (10 events):
Event: 1.269 GC heap before
{Heap before GC invocations=1 (full 0):
 PSYoungGen      total 38400K, used 33280K [0x00000000d5d00000, 0x00000000d8780000, 0x0000000100000000)
  eden space 33280K, 100% used [0x00000000d5d00000,0x00000000d7d80000,0x00000000d7d80000)
  from space 5120K, 0% used [0x00000000d8280000,0x00000000d8280000,0x00000000d8780000)
  to   space 5120K, 0% used [0x00000000d7d80000,0x00000000d7d80000,0x00000000d8280000)
 ParOldGen       total 87552K, used 0K [0x0000000081600000, 0x0000000086b80000, 0x00000000d5d00000)
  object space 87552K, 0% used [0x0000000081600000,0x0000000081600000,0x0000000086b80000)
 Metaspace       used 15256K, capacity 15726K, committed 15872K, reserved 1062912K
  class space    used 2074K, capacity 2200K, committed 2304K, reserved 1048576K
Event: 1.277 GC heap after
Heap after GC invocations=1 (full 0):
 PSYoungGen      total 38400K, used 5090K [0x00000000d5d00000, 0x00000000d8780000, 0x0000000100000000)
  eden space 33280K, 0% used [0x00000000d5d00000,0x00000000d5d00000,0x00000000d7d80000)
  from space 5120K, 99% used [0x00000000d7d80000,0x00000000d82788d0,0x00000000d8280000)
  to   space 5120K, 0% used [0x00000000d8280000,0x00000000d8280000,0x00000000d8780000)
 ParOldGen       total 87552K, used 662K [0x0000000081600000, 0x0000000086b80000, 0x00000000d5d00000)
  object space 87552K, 0% used [0x0000000081600000,0x00000000816a5a98,0x0000000086b80000)
 Metaspace       used 15256K, capacity 15726K, committed 15872K, reserved 1062912K
  class space    used 2074K, capacity 2200K, committed 2304K, reserved 1048576K
}
Event: 4.614 GC heap before
{Heap before GC invocations=2 (full 0):
 PSYoungGen      total 38400K, used 31450K [0x00000000d5d00000, 0x00000000d8780000, 0x0000000100000000)
  eden space 33280K, 79% used [0x00000000d5d00000,0x00000000d76be250,0x00000000d7d80000)
  from space 5120K, 99% used [0x00000000d7d80000,0x00000000d82788d0,0x00000000d8280000)
  to   space 5120K, 0% used [0x00000000d8280000,0x00000000d8280000,0x00000000d8780000)
 ParOldGen       total 87552K, used 662K [0x0000000081600000, 0x0000000086b80000, 0x00000000d5d00000)
  object space 87552K, 0% used [0x0000000081600000,0x00000000816a5a98,0x0000000086b80000)
 Metaspace       used 20265K, capacity 21219K, committed 21296K, reserved 1067008K
  class space    used 2920K, capacity 3123K, committed 3200K, reserved 1048576K
Event: 4.628 GC heap after
Heap after GC invocations=2 (full 0):
 PSYoungGen      total 38400K, used 5088K [0x00000000d5d00000, 0x00000000d8780000, 0x0000000100000000)
  eden space 33280K, 0% used [0x00000000d5d00000,0x00000000d5d00000,0x00000000d7d80000)
  from space 5120K, 99% used [0x00000000d8280000,0x00000000d8778050,0x00000000d8780000)
  to   space 5120K, 0% used [0x00000000d7d80000,0x00000000d7d80000,0x00000000d8280000)
 ParOldGen       total 87552K, used 15166K [0x0000000081600000, 0x0000000086b80000, 0x00000000d5d00000)
  object space 87552K, 17% used [0x0000000081600000,0x00000000824cf978,0x0000000086b80000)
 Metaspace       used 20265K, capacity 21219K, committed 21296K, reserved 1067008K
  class space    used 2920K, capacity 3123K, committed 3200K, reserved 1048576K
}
Event: 4.628 GC heap before
{Heap before GC invocations=3 (full 1):
 PSYoungGen      total 38400K, used 5088K [0x00000000d5d00000, 0x00000000d8780000, 0x0000000100000000)
  eden space 33280K, 0% used [0x00000000d5d00000,0x00000000d5d00000,0x00000000d7d80000)
  from space 5120K, 99% used [0x00000000d8280000,0x00000000d8778050,0x00000000d8780000)
  to   space 5120K, 0% used [0x00000000d7d80000,0x00000000d7d80000,0x00000000d8280000)
 ParOldGen       total 87552K, used 15166K [0x0000000081600000, 0x0000000086b80000, 0x00000000d5d00000)
  object space 87552K, 17% used [0x0000000081600000,0x00000000824cf978,0x0000000086b80000)
 Metaspace       used 20265K, capacity 21219K, committed 21296K, reserved 1067008K
  class space    used 2920K, capacity 3123K, committed 3200K, reserved 1048576K
Event: 4.673 GC heap after
Heap after GC invocations=3 (full 1):
 PSYoungGen      total 38400K, used 0K [0x00000000d5d00000, 0x00000000d8780000, 0x0000000100000000)
  eden space 33280K, 0% used [0x00000000d5d00000,0x00000000d5d00000,0x00000000d7d80000)
  from space 5120K, 0% used [0x00000000d8280000,0x00000000d8280000,0x00000000d8780000)
  to   space 5120K, 0% used [0x00000000d7d80000,0x00000000d7d80000,0x00000000d8280000)
 ParOldGen       total 90112K, used 15987K [0x0000000081600000, 0x0000000086e00000, 0x00000000d5d00000)
  object space 90112K, 17% used [0x0000000081600000,0x000000008259cc00,0x0000000086e00000)
 Metaspace       used 20265K, capacity 21219K, committed 21296K, reserved 1067008K
  class space    used 2920K, capacity 3123K, committed 3200K, reserved 1048576K
}
Event: 10.423 GC heap before
{Heap before GC invocations=4 (full 1):
 PSYoungGen      total 38400K, used 33280K [0x00000000d5d00000, 0x00000000d8780000, 0x0000000100000000)
  eden space 33280K, 100% used [0x00000000d5d00000,0x00000000d7d80000,0x00000000d7d80000)
  from space 5120K, 0% used [0x00000000d8280000,0x00000000d8280000,0x00000000d8780000)
  to   space 5120K, 0% used [0x00000000d7d80000,0x00000000d7d80000,0x00000000d8280000)
 ParOldGen       total 90112K, used 51143K [0x0000000081600000, 0x0000000086e00000, 0x00000000d5d00000)
  object space 90112K, 56% used [0x0000000081600000,0x00000000847f1d10,0x0000000086e00000)
 Metaspace       used 23904K, capacity 25461K, committed 25600K, reserved 1071104K
  class space    used 3500K, capacity 3807K, committed 3840K, reserved 1048576K
Event: 10.438 GC heap after
Heap after GC invocations=4 (full 1):
 PSYoungGen      total 38400K, used 5120K [0x00000000d5d00000, 0x00000000d9180000, 0x0000000100000000)
  eden space 33280K, 0% used [0x00000000d5d00000,0x00000000d5d00000,0x00000000d7d80000)
  from space 5120K, 100% used [0x00000000d7d80000,0x00000000d8280000,0x00000000d8280000)
  to   space 5120K, 0% used [0x00000000d8c80000,0x00000000d8c80000,0x00000000d9180000)
 ParOldGen       total 90112K, used 54570K [0x0000000081600000, 0x0000000086e00000, 0x00000000d5d00000)
  object space 90112K, 60% used [0x0000000081600000,0x0000000084b4a900,0x0000000086e00000)
 Metaspace       used 23904K, capacity 25461K, committed 25600K, reserved 1071104K
  class space    used 3500K, capacity 3807K, committed 3840K, reserved 1048576K
}
Event: 15.599 GC heap before
{Heap before GC invocations=5 (full 1):
 PSYoungGen      total 38400K, used 38400K [0x00000000d5d00000, 0x00000000d9180000, 0x0000000100000000)
  eden space 33280K, 100% used [0x00000000d5d00000,0x00000000d7d80000,0x00000000d7d80000)
  from space 5120K, 100% used [0x00000000d7d80000,0x00000000d8280000,0x00000000d8280000)
  to   space 5120K, 0% used [0x00000000d8c80000,0x00000000d8c80000,0x00000000d9180000)
 ParOldGen       total 90112K, used 54570K [0x0000000081600000, 0x0000000086e00000, 0x00000000d5d00000)
  object space 90112K, 60% used [0x0000000081600000,0x0000000084b4a900,0x0000000086e00000)
 Metaspace       used 24689K, capacity 26227K, committed 26496K, reserved 1071104K
  class space    used 3572K, capacity 3856K, committed 3968K, reserved 1048576K
Event: 15.622 GC heap after
Heap after GC invocations=5 (full 1):
 PSYoungGen      total 48640K, used 5120K [0x00000000d5d00000, 0x00000000d9180000, 0x0000000100000000)
  eden space 43520K, 0% used [0x00000000d5d00000,0x00000000d5d00000,0x00000000d8780000)
  from space 5120K, 100% used [0x00000000d8c80000,0x00000000d9180000,0x00000000d9180000)
  to   space 5120K, 0% used [0x00000000d8780000,0x00000000d8780000,0x00000000d8c80000)
 ParOldGen       total 90112K, used 65082K [0x0000000081600000, 0x0000000086e00000, 0x00000000d5d00000)
  object space 90112K, 72% used [0x0000000081600000,0x000000008558e940,0x0000000086e00000)
 Metaspace       used 24689K, capacity 26227K, committed 26496K, reserved 1071104K
  class space    used 3572K, capacity 3856K, committed 3968K, reserved 1048576K
}

